# JRE version: Java(TM) SE Runtime Environment (8.0_66-b18) (build 1.8.0_66-b18)
# Java VM: Java HotSpot(TM) 64-Bit Server VM (25.66-b18 mixed mode windows-amd64 compressed oops)
Heap:
 PSYoungGen      total 206848K, used 7096K [0x00000000d6e00000, 0x00000000e3d00000, 0x0000000100000000)
  eden space 201728K, 3% used [0x00000000d6e00000,0x00000000d74ee100,0x00000000e3300000)
  from space 5120K, 0% used [0x00000000e3300000,0x00000000e3300000,0x00000000e3800000)
  to   space 5120K, 0% used [0x00000000e3800000,0x00000000e3800000,0x00000000e3d00000)
 ParOldGen       total 74752K, used 16256K [0x0000000084a00000, 0x0000000089300000, 0x00000000d6e00000)
  object space 74752K, 21% used [0x0000000084a00000,0x00000000859e0278,0x0000000089300000)
 Metaspace       used 25410K, capacity 25920K, committed 29824K, reserved 1075200K
  class space    used 2902K, capacity 3090K, committed 3712K, reserved 1048576K
GC Heap History (10 events):
Event: 14.167 GC heap before
{Heap before GC invocations=15 (full 6):
 PSYoungGen      total 206848K, used 5104K [0x00000000d6e00000, 0x00000000e3d00000, 0x0000000100000000)
  eden space 201728K, 0% used [0x00000000d6e00000,0x00000000d6e00000,0x00000000e3300000)
  from space 5120K, 99% used [0x00000000e3300000,0x00000000e37fc3d0,0x00000000e3800000)
  to   space 5120K, 0% used [0x00000000e3800000,0x00000000e3800000,0x00000000e3d00000)
 ParOldGen       total 74752K, used 22835K [0x0000000084a00000, 0x0000000089300000, 0x00000000d6e00000)
  object space 74752K, 30% used [0x0000000084a00000,0x000000008604cfd0,0x0000000089300000)
 Metaspace       used 28964K, capacity 29556K, committed 29824K, reserved 1075200K
  class space    used 3337K, capacity 3628K, committed 3712K, reserved 1048576K
Event: 14.300 GC heap after
Heap after GC invocations=15 (full 6):
 PSYoungGen      total 206848K, used 0K [0x00000000d6e00000, 0x00000000e3d00000, 0x0000000100000000)
  eden space 201728K, 0% used [0x00000000d6e00000,0x00000000d6e00000,0x00000000e3300000)
  from space 5120K, 0% used [0x00000000e3300000,0x00000000e3300000,0x00000000e3800000)
  to   space 5120K, 0% used [0x00000000e3800000,0x00000000e3800000,0x00000000e3d00000)
 ParOldGen       total 74752K, used 16051K [0x0000000084a00000, 0x0000000089300000, 0x00000000d6e00000)
  object space 74752K, 21% used [0x0000000084a00000,0x00000000859acc68,0x0000000089300000)
 Metaspace       used 23397K, capacity 23792K, committed 29824K, reserved 1075200K
  class space    used 2694K, capacity 2876K, committed 3712K, reserved 1048576K
}
Event: 15.651 GC heap before
{Heap before GC invocations=16 (full 6):
 PSYoungGen      total 206848K, used 100823K [0x00000000d6e00000, 0x00000000e3d00000, 0x0000000100000000)
  eden space 201728K, 49% used [0x00000000d6e00000,0x00000000dd075e58,0x00000000e3300000)
  from space 5120K, 0% used [0x00000000e3300000,0x00000000e3300000,0x00000000e3800000)
  to   space 5120K, 0% used [0x00000000e3800000,0x00000000e3800000,0x00000000e3d00000)
 ParOldGen       total 74752K, used 16051K [0x0000000084a00000, 0x0000000089300000, 0x00000000d6e00000)
  object space 74752K, 21% used [0x0000000084a00000,0x00000000859acc68,0x0000000089300000)
 Metaspace       used 25357K, capacity 25888K, committed 29824K, reserved 1075200K
  class space    used 2908K, capacity 3122K, committed 3712K, reserved 1048576K
Event: 15.716 GC heap after
Heap after GC invocations=16 (full 6):
 PSYoungGen      total 206848K, used 5104K [0x00000000d6e00000, 0x00000000e3d00000, 0x0000000100000000)
  eden space 201728K, 0% used [0x00000000d6e00000,0x00000000d6e00000,0x00000000e3300000)
  from space 5120K, 99% used [0x00000000e3800000,0x00000000e3cfc0f0,0x00000000e3d00000)
  to   space 5120K, 0% used [0x00000000e3300000,0x00000000e3300000,0x00000000e3800000)
 ParOldGen       total 74752K, used 21695K [0x0000000084a00000, 0x0000000089300000, 0x00000000d6e00000)
  object space 74752K, 29% used [0x0000000084a00000,0x0000000085f2ff60,0x0000000089300000)
 Metaspace       used 25357K, capacity 25888K, committed 29824K, reserved 1075200K
  class space    used 2908K, capacity 3122K, committed 3712K, reserved 1048576K
}
Event: 15.716 GC heap before
{Heap before GC invocations=17 (full 7):
 PSYoungGen      total 206848K, used 5104K [0x00000000d6e00000, 0x00000000e3d00000, 0x0000000100000000)
  eden space 201728K, 0% used [0x00000000d6e00000,0x00000000d6e00000,0x00000000e3300000)
  from space 5120K, 99% used [0x00000000e3800000,0x00000000e3cfc0f0,0x00000000e3d00000)
  to   space 5120K, 0% used [0x00000000e3300000,0x00000000e3300000,0x00000000e3800000)
 ParOldGen       total 74752K, used 21695K [0x0000000084a00000, 0x0000000089300000, 0x00000000d6e00000)
  object space 74752K, 29% used [0x0000000084a00000,0x0000000085f2ff60,0x0000000089300000)
 Metaspace       used 25357K, capacity 25888K, committed 29824K, reserved 1075200K
  class space    used 2908K, capacity 3122K, committed 3712K, reserved 1048576K
Event: 15.970 GC heap after
Heap after GC invocations=17 (full 7):
 PSYoungGen      total 206848K, used 0K [0x00000000d6e00000, 0x00000000e3d00000, 0x0000000100000000)
  eden space 201728K, 0% used [0x00000000d6e00000,0x00000000d6e00000,0x00000000e3300000)
  from space 5120K, 0% used [0x00000000e3800000,0x00000000e3800000,0x00000000e3d00000)
  to   space 5120K, 0% used [0x00000000e3300000,0x00000000e3300000,0x00000000e3800000)
 ParOldGen       total 74752K, used 15713K [0x0000000084a00000, 0x0000000089300000, 0x00000000d6e00000)
  object space 74752K, 21% used [0x0000000084a00000,0x00000000859587a0,0x0000000089300000)
 Metaspace       used 23478K, capacity 23924K, committed 29824K, reserved 1075200K
  class space    used 2690K, capacity 2850K, committed 3712K, reserved 1048576K
}
Event: 17.174 GC heap before
{Heap before GC invocations=18 (full 7):
 PSYoungGen      total 206848K, used 100823K [0x00000000d6e00000, 0x00000000e3d00000, 0x0000000100000000)
  eden space 201728K, 49% used [0x00000000d6e00000,0x00000000dd075d70,0x00000000e3300000)
  from space 5120K, 0% used [0x00000000e3800000,0x00000000e3800000,0x00000000e3d00000)
  to   space 5120K, 0% used [0x00000000e3300000,0x00000000e3300000,0x00000000e3800000)
 ParOldGen       total 74752K, used 15713K [0x0000000084a00000, 0x0000000089300000, 0x00000000d6e00000)
  object space 74752K, 21% used [0x0000000084a00000,0x00000000859587a0,0x0000000089300000)
 Metaspace       used 25406K, capacity 25920K, committed 29824K, reserved 1075200K
  class space    used 2902K, capacity 3090K, committed 3712K, reserved 1048576K
Event: 17.184 GC heap after
Heap after GC invocations=18 (full 7):
 PSYoungGen      total 206848K, used 5104K [0x00000000d6e00000, 0x00000000e3d00000, 0x0000000100000000)
  eden space 201728K, 0% used [0x00000000d6e00000,0x00000000d6e00000,0x00000000e3300000)
  from space 5120K, 99% used [0x00000000e3300000,0x00000000e37fc270,0x00000000e3800000)
  to   space 5120K, 0% used [0x00000000e3800000,0x00000000e3800000,0x00000000e3d00000)
 ParOldGen       total 74752K, used 21272K [0x0000000084a00000, 0x0000000089300000, 0x00000000d6e00000)
  object space 74752K, 28% used [0x0000000084a00000,0x0000000085ec6330,0x0000000089300000)
 Metaspace       used 25406K, capacity 25920K, committed 29824K, reserved 1075200K
  class space    used 2902K, capacity 3090K, committed 3712K, reserved 1048576K
}
Event: 17.185 GC heap before
{Heap before GC invocations=19 (full 8):
 PSYoungGen      total 206848K, used 5104K [0x00000000d6e00000, 0x00000000e3d00000, 0x0000000100000000)
  eden space 201728K, 0% used [0x00000000d6e00000,0x00000000d6e00000,0x00000000e3300000)
  from space 5120K, 99% used [0x00000000e3300000,0x00000000e37fc270,0x00000000e3800000)
  to   space 5120K, 0% used [0x00000000e3800000,0x00000000e3800000,0x00000000e3d00000)
 ParOldGen       total 74752K, used 21272K [0x0000000084a00000, 0x0000000089300000, 0x00000000d6e00000)
  object space 74752K, 28% used [0x0000000084a00000,0x0000000085ec6330,0x0000000089300000)
 Metaspace       used 25406K, capacity 25920K, committed 29824K, reserved 1075200K
  class space    used 2902K, capacity 3090K, committed 3712K, reserved 1048576K
Event: 17.242 GC heap after
Heap after GC invocations=19 (full 8):
 PSYoungGen      total 206848K, used 0K [0x00000000d6e00000, 0x00000000e3d00000, 0x0000000100000000)
  eden space 201728K, 0% used [0x00000000d6e00000,0x00000000d6e00000,0x00000000e3300000)
  from space 5120K, 0% used [0x00000000e3300000,0x00000000e3300000,0x00000000e3800000)
  to   space 5120K, 0% used [0x00000000e3800000,0x00000000e3800000,0x00000000e3d00000)
 ParOldGen       total 74752K, used 16256K [0x0000000084a00000, 0x0000000089300000, 0x00000000d6e00000)
  object space 74752K, 21% used [0x0000000084a00000,0x00000000859e0278,0x0000000089300000)
 Metaspace       used 25406K, capacity 25920K, committed 29824K, reserved 1075200K
  class space    used 2902K, capacity 3090K, committed 3712K, reserved 1048576K
}

